[2025-09-04 18:40:34] Starting Exiled Exchange 2...
[2025-09-04 18:40:34] Started with PID: 19427
[2025-09-04 20:34:37] Killing existing instance (PID: 19427)
[2025-09-04 20:34:47] Building application...
[2025-09-04 20:34:59] Build complete
[2025-09-04 20:34:59] Starting Exiled Exchange 2...
[2025-09-04 20:34:59] Started with PID: 24243
[2025-09-05 00:56:25] Killing existing instance (PID: 39130)
[2025-09-05 00:56:31] Building application...
[2025-09-05 00:56:31] Installing renderer dependencies...
[2025-09-05 00:56:36] Installing main dependencies...
[2025-09-05 00:56:41] AppImage created at: /home/rduffy/Exiled-Exchange-2/main/dist/Exiled Exchange 2-0.11.3.AppImage
[2025-09-05 00:56:41] Build complete
[2025-09-05 00:56:41] Starting Exiled Exchange 2...
[2025-09-05 00:56:41] Running with Electron sandbox enabled (more secure)
[2025-09-05 00:56:41] Launching: /home/rduffy/Exiled-Exchange-2/main/dist/Exiled Exchange 2-0.11.3.AppImage 
[2025-09-05 00:56:42] Error: Application failed to start
[2025-09-05 00:56:48] Starting Exiled Exchange 2...
[2025-09-05 00:56:48] Running with --no-sandbox flag (less secure, more compatible)
[2025-09-05 00:56:48] Launching: /home/rduffy/Exiled-Exchange-2/main/dist/Exiled Exchange 2-0.11.3.AppImage --no-sandbox
[2025-09-05 00:56:49] Started with PID: 41720
[2025-09-05 00:58:24] Killing existing instance (PID: 41720)
